<?xml version="1.0" encoding="UTF-8"?>
<!-- Generated by org.testng.reporters.JUnitReportReporter -->
<testsuite skipped="0" hostname="DESKTOP-5GVJDVR" name="SeleniumSingleton.PageTest" tests="1" failures="0" timestamp="२४ अप्रैल २०१८ ११:२३:०४ GMT" time="१०.९२३" errors="0">
  <testcase name="testMethod" time="१०.९२३" classname="SeleniumSingleton.PageTest"/>
</testsuite> <!-- SeleniumSingleton.PageTest -->
